<?xml version="1.0" encoding="UTF-8"?>
<!-- Generated by org.testng.reporters.JUnitXMLReporter -->
<testsuite hostname="WIN-MS1S76AP6MH" name="Surefire test" tests="25" failures="0" timestamp="6 Jan 2015 00:07:19 GMT" time="18.458" errors="0">
  <testcase name="testCreateDBShare" time="0.094" classname="com.symantec.dbshare.server.DBShareControllerTest"/>
  <testcase name="testGetDBShare" time="0.03" classname="com.symantec.dbshare.server.DBShareControllerTest"/>
  <testcase name="testGetDBShareStatus" time="0.003" classname="com.symantec.dbshare.server.DBShareControllerTest"/>
  <testcase name="testSearchDBShares" time="0.003" classname="com.symantec.dbshare.server.DBShareControllerTest"/>
  <testcase name="testValidationError_EmptyObject" time="0.033" classname="com.symantec.dbshare.server.DBShareControllerTest"/>
  <testcase name="testCreateDBShare_EmptyId" time="0.454" classname="com.symantec.dbshare.server.DBShareServiceTest"/>
  <testcase name="testCreateDBShare_EnterNull" time="0.001" classname="com.symantec.dbshare.server.DBShareServiceTest"/>
  <testcase name="testCreateDBShare_ExpectedSuccess" time="0.087" classname="com.symantec.dbshare.server.DBShareServiceTest"/>
  <testcase name="testCreateDBShare_NullId" time="0.009" classname="com.symantec.dbshare.server.DBShareServiceTest"/>
  <testcase name="testGetDBShareStatus_ExpectedNull" time="0.042" classname="com.symantec.dbshare.server.DBShareServiceTest"/>
  <testcase name="testGetDBShare_NoException" time="0.006" classname="com.symantec.dbshare.server.DBShareServiceTest"/>
  <testcase name="testGetDBShare_Success" time="0.034" classname="com.symantec.dbshare.server.DBShareServiceTest"/>
  <testcase name="testLoadDBShare_NoFile" time="0.002" classname="com.symantec.dbshare.server.DBShareServiceTest"/>
  <testcase name="testLoadDBShare_WithEmptyFile" time="0.002" classname="com.symantec.dbshare.server.DBShareServiceTest"/>
  <testcase name="testLoadDBShare_WithFile" time="0.022" classname="com.symantec.dbshare.server.DBShareServiceTest"/>
  <testcase name="testRunStorageWorker" time="0.003" classname="com.symantec.dbshare.server.DBShareServiceTest"/>
  <testcase name="testSaveDBShareStatus_getDBShareStatus_ExpectedSuccess" time="0.061" classname="com.symantec.dbshare.server.DBShareServiceTest"/>
  <testcase name="testSearchDBShares_ExpectedSuccess" time="0.066" classname="com.symantec.dbshare.server.DBShareServiceTest"/>
  <testcase name="testCreateEmptyDBShare" time="0.322" classname="com.symantec.dbshare.server.MockMvcTest"/>
  <testcase name="testDBSharesHome" time="0.024" classname="com.symantec.dbshare.server.MockMvcTest"/>
  <testcase name="testUnexpcetedException" time="0.167" classname="com.symantec.dbshare.server.MockMvcTest"/>
  <testcase name="testOnMessage_NullDBShare" time="0.062" classname="com.symantec.dbshare.server.ReceiverTest"/>
  <testcase name="testOnMessage_NullMessage" time="0.004" classname="com.symantec.dbshare.server.ReceiverTest"/>
  <testcase name="testOnMessage_ValidMessage" time="0.056" classname="com.symantec.dbshare.server.ReceiverTest"/>
  <testcase name="testOnMessage_throwException" time="0.002" classname="com.symantec.dbshare.server.ReceiverTest"/>
</testsuite> <!-- Surefire test -->
