<?xml version="1.0" encoding="UTF-8"?>
<testsuite name="TestSuite" time="1.845" tests="25" errors="0" skipped="0" failures="0">
  <properties>
[...]
</properties>
  <testcase name="testCreateDBShare" classname="com.symantec.dbshare.server.DBShareControllerTest" time="0.123"/>
  <testcase name="testGetDBShare" classname="com.symantec.dbshare.server.DBShareControllerTest" time="0.056"/>
  <testcase name="testGetDBShareStatus" classname="com.symantec.dbshare.server.DBShareControllerTest" time="0.003"/>
  <testcase name="testSearchDBShares" classname="com.symantec.dbshare.server.DBShareControllerTest" time="0.002"/>
  <testcase name="testValidationError_EmptyObject" classname="com.symantec.dbshare.server.DBShareControllerTest" time="0.057"/>
  <testcase name="testCreateDBShare_EmptyId" classname="com.symantec.dbshare.server.DBShareServiceTest" time="0.455"/>
  <testcase name="testCreateDBShare_EnterNull" classname="com.symantec.dbshare.server.DBShareServiceTest" time="0.001"/>
  <testcase name="testCreateDBShare_ExpectedSuccess" classname="com.symantec.dbshare.server.DBShareServiceTest" time="0.088"/>
  <testcase name="testCreateDBShare_NullId" classname="com.symantec.dbshare.server.DBShareServiceTest" time="0.01"/>
  <testcase name="testGetDBShareStatus_ExpectedNull" classname="com.symantec.dbshare.server.DBShareServiceTest" time="0.043"/>
  <testcase name="testGetDBShare_NoException" classname="com.symantec.dbshare.server.DBShareServiceTest" time="0.006"/>
  <testcase name="testGetDBShare_Success" classname="com.symantec.dbshare.server.DBShareServiceTest" time="0.033"/>
  <testcase name="testLoadDBShare_NoFile" classname="com.symantec.dbshare.server.DBShareServiceTest" time="0.003"/>
  <testcase name="testLoadDBShare_WithEmptyFile" classname="com.symantec.dbshare.server.DBShareServiceTest" time="0.002"/>
  <testcase name="testLoadDBShare_WithFile" classname="com.symantec.dbshare.server.DBShareServiceTest" time="0.023"/>
  <testcase name="testRunStorageWorker" classname="com.symantec.dbshare.server.DBShareServiceTest" time="0.003"/>
  <testcase name="testSaveDBShareStatus_getDBShareStatus_ExpectedSuccess" classname="com.symantec.dbshare.server.DBShareServiceTest" time="0.061"/>
  <testcase name="testSearchDBShares_ExpectedSuccess" classname="com.symantec.dbshare.server.DBShareServiceTest" time="0.066"/>
  <testcase name="testCreateEmptyDBShare" classname="com.symantec.dbshare.server.MockMvcTest" time="0.322"/>
  <testcase name="testDBSharesHome" classname="com.symantec.dbshare.server.MockMvcTest" time="0.024"/>
  <testcase name="testUnexpcetedException" classname="com.symantec.dbshare.server.MockMvcTest" time="0.242"/>
  <testcase name="testOnMessage_NullDBShare" classname="com.symantec.dbshare.server.ReceiverTest" time="0.117"/>
  <testcase name="testOnMessage_NullMessage" classname="com.symantec.dbshare.server.ReceiverTest" time="0.003"/>
  <testcase name="testOnMessage_ValidMessage" classname="com.symantec.dbshare.server.ReceiverTest" time="0.101"/>
  <testcase name="testOnMessage_throwException" classname="com.symantec.dbshare.server.ReceiverTest" time="0.001"/>
</testsuite>